<?xml version="1.0" encoding="UTF-8"?>
<!-- Generated by org.testng.reporters.JUnitXMLReporter -->
<testsuite ignored="5" hostname="MacBookAir.lan" failures="0" tests="3" name="groupingtests" time="0.093" errors="0" timestamp="2024-11-05T12:37:55 IST">
  <testcase classname="TestNG.LoginTests" name="loginByEmail" time="0.026"/>
  <testcase classname="TestNG.LoginTests" name="loginByFaceBook" time="0.005"/>
  <testcase classname="TestNG.LoginTests" name="loginByTwitter" time="0.002"/>
  <testcase classname="TestNG.SignUpTests" name="signUpByFaceBook" time="0.0">
    <ignored/>
  </testcase> <!-- signUpByFaceBook -->
  <testcase classname="TestNG.PaymentTests" name="paymentInRupess" time="0.0">
    <ignored/>
  </testcase> <!-- paymentInRupess -->
  <testcase classname="TestNG.SignUpTests" name="signUpByTwitter" time="0.0">
    <ignored/>
  </testcase> <!-- signUpByTwitter -->
  <testcase classname="TestNG.SignUpTests" name="signUpByEmail" time="0.0">
    <ignored/>
  </testcase> <!-- signUpByEmail -->
  <testcase classname="TestNG.PaymentTests" name="paymentInDollars" time="0.0">
    <ignored/>
  </testcase> <!-- paymentInDollars -->
</testsuite> <!-- groupingtests -->
